Arguments: 
  /Users/disflyer/.nvm/versions/node/v16.2.0/bin/node /Users/disflyer/.yarn/bin/yarn.js publish --access public

PATH: 
  /Users/disflyer/.nvm/versions/node/v16.2.0/bin:/Users/disflyer/Desktop/home/chrome/depot_tools:/Users/disflyer/.deno/bin:/Users/disflyer/.yarn/bin:/Users/disflyer/.config/yarn/global/node_modules/.bin:/usr/local/bin:/usr/bin:/bin:/usr/sbin:/sbin:/usr/local/share/dotnet:~/.dotnet/tools:/Library/Apple/usr/bin:/Users/disflyer/Desktop/home/chrome/depot_tools:/Users/disflyer/.deno/bin:/Users/disflyer/.yarn/bin:/Users/disflyer/.config/yarn/global/node_modules/.bin

Yarn version: 
  1.22.5

Node version: 
  16.2.0

Platform: 
  darwin x64

Trace: 
  Error: canceled
      at Interface.<anonymous> (/Users/disflyer/.yarn/lib/cli.js:137009:13)
      at Interface.emit (node:events:365:28)
      at Interface._ttyWrite (node:readline:1069:16)
      at ReadStream.onkeypress (node:readline:288:10)
      at ReadStream.emit (node:events:365:28)
      at emitKeys (node:internal/readline/utils:358:14)
      at emitKeys.next (<anonymous>)
      at ReadStream.onData (node:internal/readline/emitKeypressEvents:61:36)
      at ReadStream.emit (node:events:365:28)
      at addChunk (node:internal/streams/readable:314:12)

npm manifest: 
  {
    "version": "0.0.3-beta",
    "name": "@disflyer/event-bus",
    "author": "disflyer",
    "files": [
      "dist"
    ],
    "keywords": [
      "eventbus",
      "react-event-bus",
      "react-emmiter",
      "emmiter",
      "event-emmiter"
    ],
    "main": "./dist/event-bus.umd.js",
    "module": "./dist/event-bus.es.js",
    "exports": {
      ".": {
        "import": "./dist/event-bus.es.js",
        "require": "./dist/event-bus.umd.js"
      }
    },
    "scripts": {
      "dev": "vite",
      "build": "tsc && vite build",
      "serve": "vite preview"
    },
    "devDependencies": {
      "typescript": "^4.3.2",
      "vite": "^2.4.2"
    }
  }

yarn manifest: 
  No manifest

Lockfile: 
  # THIS IS AN AUTOGENERATED FILE. DO NOT EDIT THIS FILE DIRECTLY.
  # yarn lockfile v1
  
  
  colorette@^1.2.2:
    version "1.2.2"
    resolved "https://npm.midway.run/colorette/-/colorette-1.2.2.tgz#cbcc79d5e99caea2dbf10eb3a26fd8b3e6acfa94"
    integrity sha1-y8x51emcrqLb8Q6zom/Ys+as+pQ=
  
  esbuild@^0.12.8:
    version "0.12.15"
    resolved "https://npm.midway.run/esbuild/-/esbuild-0.12.15.tgz#9d99cf39aeb2188265c5983e983e236829f08af0"
    integrity sha1-nZnPOa6yGIJlxZg+mD4jaCnwivA=
  
  fsevents@~2.3.2:
    version "2.3.2"
    resolved "https://npm.midway.run/fsevents/-/fsevents-2.3.2.tgz#8a526f78b8fdf4623b709e0b975c52c24c02fd1a"
    integrity sha1-ilJveLj99GI7cJ4Ll1xSwkwC/Ro=
  
  function-bind@^1.1.1:
    version "1.1.1"
    resolved "https://npm.midway.run/function-bind/-/function-bind-1.1.1.tgz#a56899d3ea3c9bab874bb9773b7c5ede92f4895d"
    integrity sha1-pWiZ0+o8m6uHS7l3O3xe3pL0iV0=
  
  has@^1.0.3:
    version "1.0.3"
    resolved "https://npm.midway.run/has/-/has-1.0.3.tgz#722d7cbfc1f6aa8241f16dd814e011e1f41e8796"
    integrity sha1-ci18v8H2qoJB8W3YFOAR4fQeh5Y=
    dependencies:
      function-bind "^1.1.1"
  
  is-core-module@^2.2.0:
    version "2.5.0"
    resolved "https://npm.midway.run/is-core-module/-/is-core-module-2.5.0.tgz#f754843617c70bfd29b7bd87327400cda5c18491"
    integrity sha1-91SENhfHC/0pt72HMnQAzaXBhJE=
    dependencies:
      has "^1.0.3"
  
  nanoid@^3.1.23:
    version "3.1.23"
    resolved "https://npm.midway.run/nanoid/-/nanoid-3.1.23.tgz#f744086ce7c2bc47ee0a8472574d5c78e4183a81"
    integrity sha1-90QIbOfCvEfuCoRyV01ceOQYOoE=
  
  path-parse@^1.0.6:
    version "1.0.7"
    resolved "https://npm.midway.run/path-parse/-/path-parse-1.0.7.tgz#fbc114b60ca42b30d9daf5858e4bd68bbedb6735"
    integrity sha1-+8EUtgykKzDZ2vWFjkvWi77bZzU=
  
  postcss@^8.3.5:
    version "8.3.5"
    resolved "https://npm.midway.run/postcss/-/postcss-8.3.5.tgz#982216b113412bc20a86289e91eb994952a5b709"
    integrity sha1-mCIWsRNBK8IKhiiekeuZSVKltwk=
    dependencies:
      colorette "^1.2.2"
      nanoid "^3.1.23"
      source-map-js "^0.6.2"
  
  resolve@^1.20.0:
    version "1.20.0"
    resolved "https://npm.midway.run/resolve/-/resolve-1.20.0.tgz#629a013fb3f70755d6f0b7935cc1c2c5378b1975"
    integrity sha1-YpoBP7P3B1XW8LeTXMHCxTeLGXU=
    dependencies:
      is-core-module "^2.2.0"
      path-parse "^1.0.6"
  
  rollup@^2.38.5:
    version "2.53.2"
    resolved "https://npm.midway.run/rollup/-/rollup-2.53.2.tgz#3279f9bfba1fe446585560802e418c5fbcaefa51"
    integrity sha1-Mnn5v7of5EZYVWCALkGMX7yu+lE=
    optionalDependencies:
      fsevents "~2.3.2"
  
  source-map-js@^0.6.2:
    version "0.6.2"
    resolved "https://npm.midway.run/source-map-js/-/source-map-js-0.6.2.tgz#0bb5de631b41cfbda6cfba8bd05a80efdfd2385e"
    integrity sha1-C7XeYxtBz72mz7qL0FqA79/SOF4=
  
  typescript@^4.3.2:
    version "4.3.5"
    resolved "https://npm.midway.run/typescript/-/typescript-4.3.5.tgz#4d1c37cc16e893973c45a06886b7113234f119f4"
    integrity sha1-TRw3zBbok5c8RaBohrcRMjTxGfQ=
  
  vite@^2.4.2:
    version "2.4.2"
    resolved "https://npm.midway.run/vite/-/vite-2.4.2.tgz#07d00615775c808530bc9f65641062b349b67929"
    integrity sha1-B9AGFXdcgIUwvJ9lZBBis0m2eSk=
    dependencies:
      esbuild "^0.12.8"
      postcss "^8.3.5"
      resolve "^1.20.0"
      rollup "^2.38.5"
    optionalDependencies:
      fsevents "~2.3.2"
